<experiment name="test">
    <test-rm1/>
</experiment>